<?xml version="1.0" encoding="UTF-8"?>
<!-- Generated by org.testng.reporters.JUnitXMLReporter -->
<testsuite hostname="Admin" ignored="0" name="Test" tests="4" failures="0" timestamp="06 Jun 2020 11:29:29 GMT" time="0.063" errors="0">
  <testcase name="TC_01" time="0.011" classname="testNG.TNT_1"/>
  <testcase name="TC_02" time="0.003" classname="testNG.TNT_1"/>
  <testcase name="TC_01" time="0.001" classname="testNG.TNT_2"/>
  <testcase name="TC_02" time="0.005" classname="testNG.TNT_2"/>
</testsuite> <!-- Test -->
