<?xml version="1.0" encoding="UTF-8"?>
<testng-results skipped="0" failed="0" ignored="0" total="4" passed="4">
  <reporter-output>
  </reporter-output>
  <suite name="Suite" duration-ms="63" started-at="2020-06-06T11:29:29Z" finished-at="2020-06-06T11:29:29Z">
    <groups>
      <group name="product">
        <method signature="TNT_1.TC_01()[pri:0, instance:testNG.TNT_1@573f2bb1]" name="TC_01" class="testNG.TNT_1"/>
        <method signature="TNT_2.TC_02()[pri:0, instance:testNG.TNT_2@5ae9a829]" name="TC_02" class="testNG.TNT_2"/>
      </group> <!-- product -->
      <group name="user">
        <method signature="TNT_1.TC_02()[pri:0, instance:testNG.TNT_1@573f2bb1]" name="TC_02" class="testNG.TNT_1"/>
        <method signature="TNT_2.TC_01()[pri:0, instance:testNG.TNT_2@5ae9a829]" name="TC_01" class="testNG.TNT_2"/>
      </group> <!-- user -->
    </groups>
    <test name="Test" duration-ms="63" started-at="2020-06-06T11:29:29Z" finished-at="2020-06-06T11:29:29Z">
      <class name="testNG.TNT_2">
        <test-method status="PASS" signature="TC_01()[pri:0, instance:testNG.TNT_2@5ae9a829]" name="TC_01" duration-ms="1" started-at="2020-06-06T11:29:29Z" finished-at="2020-06-06T11:29:29Z">
          <reporter-output>
          </reporter-output>
        </test-method> <!-- TC_01 -->
        <test-method status="PASS" signature="TC_02()[pri:0, instance:testNG.TNT_2@5ae9a829]" name="TC_02" duration-ms="5" started-at="2020-06-06T11:29:29Z" finished-at="2020-06-06T11:29:29Z">
          <reporter-output>
          </reporter-output>
        </test-method> <!-- TC_02 -->
      </class> <!-- testNG.TNT_2 -->
      <class name="testNG.TNT_1">
        <test-method status="PASS" signature="TC_01()[pri:0, instance:testNG.TNT_1@573f2bb1]" name="TC_01" duration-ms="11" started-at="2020-06-06T11:29:29Z" finished-at="2020-06-06T11:29:29Z">
          <reporter-output>
          </reporter-output>
        </test-method> <!-- TC_01 -->
        <test-method status="PASS" signature="TC_02()[pri:0, instance:testNG.TNT_1@573f2bb1]" name="TC_02" duration-ms="3" started-at="2020-06-06T11:29:29Z" finished-at="2020-06-06T11:29:29Z">
          <reporter-output>
          </reporter-output>
        </test-method> <!-- TC_02 -->
      </class> <!-- testNG.TNT_1 -->
    </test> <!-- Test -->
  </suite> <!-- Suite -->
</testng-results>
