<?xml version="1.0" encoding="UTF-8"?>
<testng-results skipped="0" failed="0" total="1" passed="1">
  <reporter-output>
  </reporter-output>
  <suite name="Default suite" duration-ms="7202" started-at="2020-05-27T10:08:27Z" finished-at="2020-05-27T10:08:34Z">
    <groups>
    </groups>
    <test name="Default test" duration-ms="7202" started-at="2020-05-27T10:08:27Z" finished-at="2020-05-27T10:08:34Z">
      <class name="webdriver.Topic_17_User_Interaction">
        <test-method status="PASS" signature="beforeClass()[pri:0, instance:webdriver.Topic_17_User_Interaction@7921b0a2]" name="beforeClass" is-config="true" duration-ms="3768" started-at="2020-05-27T17:08:27Z" finished-at="2020-05-27T17:08:31Z">
          <reporter-output>
          </reporter-output>
        </test-method> <!-- beforeClass -->
        <test-method status="PASS" signature="TC_07_Drag_And_Drop_HTML5_Xpath()[pri:0, instance:webdriver.Topic_17_User_Interaction@7921b0a2]" name="TC_07_Drag_And_Drop_HTML5_Xpath" duration-ms="3420" started-at="2020-05-27T17:08:31Z" finished-at="2020-05-27T17:08:34Z">
          <reporter-output>
          </reporter-output>
        </test-method> <!-- TC_07_Drag_And_Drop_HTML5_Xpath -->
        <test-method status="PASS" signature="afterClass()[pri:0, instance:webdriver.Topic_17_User_Interaction@7921b0a2]" name="afterClass" is-config="true" duration-ms="0" started-at="2020-05-27T17:08:34Z" finished-at="2020-05-27T17:08:34Z">
          <reporter-output>
          </reporter-output>
        </test-method> <!-- afterClass -->
      </class> <!-- webdriver.Topic_17_User_Interaction -->
    </test> <!-- Default test -->
  </suite> <!-- Default suite -->
</testng-results>
